Performing C SOURCE FILE Test CMAKE_HAVE_LIBC_PTHREAD failed with the following output:
Change Dir: /home/aims/catkin_ws/build/catkin_tools_prebuild/CMakeFiles/CMakeTmp

Run Build Command(s):/usr/bin/make -f Makefile cmTC_5652c/fast && /usr/bin/make  -f CMakeFiles/cmTC_5652c.dir/build.make CMakeFiles/cmTC_5652c.dir/build
make[1]: Entering directory '/home/aims/catkin_ws/build/catkin_tools_prebuild/CMakeFiles/CMakeTmp'
Building C object CMakeFiles/cmTC_5652c.dir/src.c.o
/usr/bin/cc -DCMAKE_HAVE_LIBC_PTHREAD   -o CMakeFiles/cmTC_5652c.dir/src.c.o -c /home/aims/catkin_ws/build/catkin_tools_prebuild/CMakeFiles/CMakeTmp/src.c
Linking C executable cmTC_5652c
/home/aims/.local/lib/python2.7/site-packages/cmake/data/bin/cmake -E cmake_link_script CMakeFiles/cmTC_5652c.dir/link.txt --verbose=1
/usr/bin/cc -rdynamic CMakeFiles/cmTC_5652c.dir/src.c.o -o cmTC_5652c 
CMakeFiles/cmTC_5652c.dir/src.c.o: In function `main':
src.c:(.text+0x48): undefined reference to `pthread_create'
src.c:(.text+0x50): undefined reference to `pthread_detach'
src.c:(.text+0x58): undefined reference to `pthread_cancel'
src.c:(.text+0x64): undefined reference to `pthread_join'
src.c:(.text+0x74): undefined reference to `pthread_atfork'
collect2: error: ld returned 1 exit status
CMakeFiles/cmTC_5652c.dir/build.make:98: recipe for target 'cmTC_5652c' failed
make[1]: *** [cmTC_5652c] Error 1
make[1]: Leaving directory '/home/aims/catkin_ws/build/catkin_tools_prebuild/CMakeFiles/CMakeTmp'
Makefile:127: recipe for target 'cmTC_5652c/fast' failed
make: *** [cmTC_5652c/fast] Error 2


Source file was:
#include <pthread.h>

static void* test_func(void* data)
{
  return data;
}

int main(void)
{
  pthread_t thread;
  pthread_create(&thread, NULL, test_func, NULL);
  pthread_detach(thread);
  pthread_cancel(thread);
  pthread_join(thread, NULL);
  pthread_atfork(NULL, NULL, NULL);
  pthread_exit(NULL);

  return 0;
}

Determining if the function pthread_create exists in the pthreads failed with the following output:
Change Dir: /home/aims/catkin_ws/build/catkin_tools_prebuild/CMakeFiles/CMakeTmp

Run Build Command(s):/usr/bin/make -f Makefile cmTC_3451e/fast && /usr/bin/make  -f CMakeFiles/cmTC_3451e.dir/build.make CMakeFiles/cmTC_3451e.dir/build
make[1]: Entering directory '/home/aims/catkin_ws/build/catkin_tools_prebuild/CMakeFiles/CMakeTmp'
Building C object CMakeFiles/cmTC_3451e.dir/CheckFunctionExists.c.o
/usr/bin/cc   -DCHECK_FUNCTION_EXISTS=pthread_create -o CMakeFiles/cmTC_3451e.dir/CheckFunctionExists.c.o -c /home/aims/.local/lib/python2.7/site-packages/cmake/data/share/cmake-3.22/Modules/CheckFunctionExists.c
Linking C executable cmTC_3451e
/home/aims/.local/lib/python2.7/site-packages/cmake/data/bin/cmake -E cmake_link_script CMakeFiles/cmTC_3451e.dir/link.txt --verbose=1
/usr/bin/cc  -DCHECK_FUNCTION_EXISTS=pthread_create -rdynamic CMakeFiles/cmTC_3451e.dir/CheckFunctionExists.c.o -o cmTC_3451e  -lpthreads 
/usr/bin/ld: cannot find -lpthreads
collect2: error: ld returned 1 exit status
CMakeFiles/cmTC_3451e.dir/build.make:98: recipe for target 'cmTC_3451e' failed
make[1]: *** [cmTC_3451e] Error 1
make[1]: Leaving directory '/home/aims/catkin_ws/build/catkin_tools_prebuild/CMakeFiles/CMakeTmp'
Makefile:127: recipe for target 'cmTC_3451e/fast' failed
make: *** [cmTC_3451e/fast] Error 2



